<?xml version="1.0" encoding="UTF-8"?>
<testsuite xmlns:xsi="http://www.w3.org/2001/XMLSchema-instance" xsi:noNamespaceSchemaLocation="https://maven.apache.org/surefire/maven-surefire-plugin/xsd/surefire-test-report-3.0.xsd" version="3.0" name="com.ben.excelstream.ExcelExportE2ETest" time="2.019" tests="2" errors="0" skipped="0" failures="0">
  <properties>
[...]
</properties>
  <testcase name="testStreamingEndpoint" classname="com.ben.excelstream.ExcelExportE2ETest" time="1.26">
    <system-out><![CDATA[18:03:34.070 [main] INFO org.springframework.test.context.support.AnnotationConfigContextLoaderUtils -- Could not detect default configuration classes for test class [com.ben.excelstream.ExcelExportE2ETest]: ExcelExportE2ETest does not declare any static, non-private, non-final, nested classes annotated with @Configuration.
18:03:34.106 [main] INFO org.springframework.boot.test.context.SpringBootTestContextBootstrapper -- Found @SpringBootConfiguration com.ben.excelstream.ExcelStreamDemoApplication for test class com.ben.excelstream.ExcelExportE2ETest

  .   ____          _            __ _ _
 /\\ / ___'_ __ _ _(_)_ __  __ _ \ \ \ \
( ( )\___ | '_ | '_| | '_ \/ _` | \ \ \ \
 \\/  ___)| |_)| | | | | || (_| |  ) ) ) )
  '  |____| .__|_| |_|_| |_\__, | / / / /
 =========|_|==============|___/=/_/_/_/
 :: Spring Boot ::                (v3.2.3)

2026-03-08T18:03:34.252+08:00  INFO 99433 --- [excel-stream-demo] [           main] com.ben.excelstream.ExcelExportE2ETest   : Starting ExcelExportE2ETest using Java 21.0.9 with PID 99433 (started by re4388 in /Users/re4388/project/personal/lang/java/excel_stream_demo)
2026-03-08T18:03:34.253+08:00  INFO 99433 --- [excel-stream-demo] [           main] com.ben.excelstream.ExcelExportE2ETest   : No active profile set, falling back to 1 default profile: "default"
2026-03-08T18:03:34.569+08:00  INFO 99433 --- [excel-stream-demo] [           main] o.s.b.w.embedded.tomcat.TomcatWebServer  : Tomcat initialized with port 0 (http)
2026-03-08T18:03:34.574+08:00  INFO 99433 --- [excel-stream-demo] [           main] o.apache.catalina.core.StandardService   : Starting service [Tomcat]
2026-03-08T18:03:34.574+08:00  INFO 99433 --- [excel-stream-demo] [           main] o.apache.catalina.core.StandardEngine    : Starting Servlet engine: [Apache Tomcat/10.1.19]
2026-03-08T18:03:34.591+08:00  INFO 99433 --- [excel-stream-demo] [           main] o.a.c.c.C.[Tomcat].[localhost].[/]       : Initializing Spring embedded WebApplicationContext
2026-03-08T18:03:34.591+08:00  INFO 99433 --- [excel-stream-demo] [           main] w.s.c.ServletWebServerApplicationContext : Root WebApplicationContext: initialization completed in 329 ms
2026-03-08T18:03:34.724+08:00  INFO 99433 --- [excel-stream-demo] [           main] o.s.b.w.embedded.tomcat.TomcatWebServer  : Tomcat started on port 55342 (http) with context path ''
2026-03-08T18:03:34.728+08:00  INFO 99433 --- [excel-stream-demo] [           main] com.ben.excelstream.ExcelExportE2ETest   : Started ExcelExportE2ETest in 0.573 seconds (process running for 0.909)
2026-03-08T18:03:35.158+08:00  INFO 99433 --- [excel-stream-demo] [o-auto-1-exec-1] o.a.c.c.C.[Tomcat].[localhost].[/]       : Initializing Spring DispatcherServlet 'dispatcherServlet'
2026-03-08T18:03:35.158+08:00  INFO 99433 --- [excel-stream-demo] [o-auto-1-exec-1] o.s.web.servlet.DispatcherServlet        : Initializing Servlet 'dispatcherServlet'
2026-03-08T18:03:35.158+08:00  INFO 99433 --- [excel-stream-demo] [o-auto-1-exec-1] o.s.web.servlet.DispatcherServlet        : Completed initialization in 0 ms
]]></system-out>
    <system-err><![CDATA[WARNING: A Java agent has been loaded dynamically (/Users/re4388/.m2/repository/net/bytebuddy/byte-buddy-agent/1.14.12/byte-buddy-agent-1.14.12.jar)
WARNING: If a serviceability tool is in use, please run with -XX:+EnableDynamicAgentLoading to hide this warning
WARNING: If a serviceability tool is not in use, please run with -Djdk.instrument.traceUsage for more information
WARNING: Dynamic loading of agents will be disallowed by default in a future release
]]></system-err>
  </testcase>
  <testcase name="testNoStreamEndpoint" classname="com.ben.excelstream.ExcelExportE2ETest" time="0.03"/>
</testsuite>